<?xml version="1.0" encoding="UTF-8"?>
<!-- Generated by org.testng.reporters.JUnitXMLReporter -->
<testsuite ignored="0" hostname="m-c02f62usmd6n" failures="1" tests="1" name="Test(failed)(failed)" time="21.689" errors="0" timestamp="2023-02-19T18:55:00 IST">
  <testcase classname="assignment10.Assignment10" name="verifycreationandDeletionOfCource" time="21.656">
    <failure type="org.openqa.selenium.ElementClickInterceptedException" message="Element &amp;lt;button&amp;gt; is not clickable at point (1379,100) because another element &amp;lt;span&amp;gt; obscures it
Build info: version: &amp;apos;4.7.0&amp;apos;, revision: &amp;apos;0a5b49d16f&amp;apos;
System info: os.name: &amp;apos;Mac OS X&amp;apos;, os.arch: &amp;apos;x86_64&amp;apos;, os.version: &amp;apos;10.16&amp;apos;, java.version: &amp;apos;13.0.9&amp;apos;
Driver info: org.openqa.selenium.firefox.FirefoxDriver
Command: [c604353e-45e6-4cf5-a42c-c03c85e309f5, clickElement {id=8f65879b-f9ac-4d79-a64b-35296b818860}]
Capabilities {acceptInsecureCerts: true, browserName: firefox, browserVersion: 109.0.1, moz:accessibilityChecks: false, moz:buildID: 20230127170202, moz:debuggerAddress: 127.0.0.1:45383, moz:geckodriverVersion: 0.32.2, moz:headless: false, moz:platformVersion: 21.6.0, moz:processID: 55505, moz:profile: /var/folders/5l/tcxwsxl550v..., moz:shutdownTimeout: 60000, moz:useNonSpecCompliantPointerOrigin: false, moz:webdriverClick: true, moz:windowless: false, pageLoadStrategy: normal, platformName: MAC, proxy: Proxy(), se:cdp: ws://127.0.0.1:45383/devtoo..., se:cdpVersion: 85.0, setWindowRect: true, strictFileInteractability: false, timeouts: {implicit: 0, pageLoad: 300000, script: 30000}, unhandledPromptBehavior: dismiss and notify}
Element: [[FirefoxDriver: firefox on MAC (c604353e-45e6-4cf5-a42c-c03c85e309f5)] -&amp;gt; xpath: //button[contains(text(),&amp;apos;Add New Course&amp;apos;)]]
Session ID: c604353e-45e6-4cf5-a42c-c03c85e309f5">
      <![CDATA[org.openqa.selenium.ElementClickInterceptedException: Element <button> is not clickable at point (1379,100) because another element <span> obscures it
Build info: version: '4.7.0', revision: '0a5b49d16f'
System info: os.name: 'Mac OS X', os.arch: 'x86_64', os.version: '10.16', java.version: '13.0.9'
Driver info: org.openqa.selenium.firefox.FirefoxDriver
Command: [c604353e-45e6-4cf5-a42c-c03c85e309f5, clickElement {id=8f65879b-f9ac-4d79-a64b-35296b818860}]
Capabilities {acceptInsecureCerts: true, browserName: firefox, browserVersion: 109.0.1, moz:accessibilityChecks: false, moz:buildID: 20230127170202, moz:debuggerAddress: 127.0.0.1:45383, moz:geckodriverVersion: 0.32.2, moz:headless: false, moz:platformVersion: 21.6.0, moz:processID: 55505, moz:profile: /var/folders/5l/tcxwsxl550v..., moz:shutdownTimeout: 60000, moz:useNonSpecCompliantPointerOrigin: false, moz:webdriverClick: true, moz:windowless: false, pageLoadStrategy: normal, platformName: MAC, proxy: Proxy(), se:cdp: ws://127.0.0.1:45383/devtoo..., se:cdpVersion: 85.0, setWindowRect: true, strictFileInteractability: false, timeouts: {implicit: 0, pageLoad: 300000, script: 30000}, unhandledPromptBehavior: dismiss and notify}
Element: [[FirefoxDriver: firefox on MAC (c604353e-45e6-4cf5-a42c-c03c85e309f5)] -> xpath: //button[contains(text(),'Add New Course')]]
Session ID: c604353e-45e6-4cf5-a42c-c03c85e309f5
at org.openqa.selenium.remote.codec.w3c.W3CHttpResponseCodec.createException(W3CHttpResponseCodec.java:200)
at org.openqa.selenium.remote.codec.w3c.W3CHttpResponseCodec.decode(W3CHttpResponseCodec.java:133)
at org.openqa.selenium.remote.codec.w3c.W3CHttpResponseCodec.decode(W3CHttpResponseCodec.java:53)
at org.openqa.selenium.remote.HttpCommandExecutor.execute(HttpCommandExecutor.java:184)
at org.openqa.selenium.remote.service.DriverCommandExecutor.invokeExecute(DriverCommandExecutor.java:167)
at org.openqa.selenium.remote.service.DriverCommandExecutor.execute(DriverCommandExecutor.java:142)
at org.openqa.selenium.remote.RemoteWebDriver.execute(RemoteWebDriver.java:541)
at org.openqa.selenium.remote.RemoteWebElement.execute(RemoteWebElement.java:257)
at org.openqa.selenium.remote.RemoteWebElement.click(RemoteWebElement.java:78)
at assignment10.Assignment10.verifycreationandDeletionOfCource(Assignment10.java:71)
at java.base/java.util.ArrayList.forEach(ArrayList.java:1508)
... Removed 32 stack frames]]>
    </failure>
  </testcase> <!-- verifycreationandDeletionOfCource -->
</testsuite> <!-- Test(failed)(failed) -->
